
> frontend@0.0.0 dev
> vite --host


  VITE v4.5.0  ready in 253 ms

  ➜  Local:   http://localhost:5173/
  ➜  Network: http://172.31.14.122:5173/
Browserslist: caniuse-lite is outdated. Please run:
  npx update-browserslist-db@latest
  Why you should do it regularly: https://github.com/browserslist/update-db#readme
9:30:30 PM [vite] .env.sample changed, restarting server...
9:30:30 PM [vite] server restarted.
9:30:40 PM [vite] .env.local changed, restarting server...
9:30:40 PM [vite] server restarted.

> frontend@0.0.0 dev
> vite --host


  VITE v4.5.0  ready in 555 ms

  ➜  Local:   http://localhost:5173/
  ➜  Network: http://172.31.14.122:5173/
Browserslist: caniuse-lite is outdated. Please run:
  npx update-browserslist-db@latest
  Why you should do it regularly: https://github.com/browserslist/update-db#readme
Killed
